# JRE version: OpenJDK Runtime Environment (23.0.2+7) (build 23.0.2+7-58)
# Java VM: OpenJDK 64-Bit Server VM (23.0.2+7-58, mixed mode, tiered, compressed oops, compressed class ptrs, g1 gc, linux-amd64)
Heap:
 garbage-first heap   total reserved 4003840K, committed 319488K, used 202649K [0x000000070ba00000, 0x0000000800000000)
  region size 2048K, 55 young (112640K), 2 survivors (4096K)
 Metaspace       used 85252K, committed 86016K, reserved 1179648K
  class space    used 10262K, committed 10624K, reserved 1048576K
GC Heap History (20 events):
Event: 3411,541 GC heap before
{Heap before GC invocations=139 (full 0):
 garbage-first heap   total reserved 4003840K, committed 315392K, used 309053K [0x000000070ba00000, 0x0000000800000000)
  region size 2048K, 92 young (188416K), 2 survivors (4096K)
 Metaspace       used 85160K, committed 85952K, reserved 1179648K
  class space    used 10262K, committed 10624K, reserved 1048576K
}
Event: 3411,543 GC heap after
{Heap after GC invocations=140 (full 0):
 garbage-first heap   total reserved 4003840K, committed 315392K, used 95177K [0x000000070ba00000, 0x0000000800000000)
  region size 2048K, 1 young (2048K), 1 survivors (2048K)
 Metaspace       used 85160K, committed 85952K, reserved 1179648K
  class space    used 10262K, committed 10624K, reserved 1048576K
}
Event: 3422,141 GC heap before
{Heap before GC invocations=140 (full 0):
 garbage-first heap   total reserved 4003840K, committed 315392K, used 289737K [0x000000070ba00000, 0x0000000800000000)
  region size 2048K, 92 young (188416K), 1 survivors (2048K)
 Metaspace       used 85171K, committed 85952K, reserved 1179648K
  class space    used 10262K, committed 10624K, reserved 1048576K
}
Event: 3422,144 GC heap after
{Heap after GC invocations=141 (full 0):
 garbage-first heap   total reserved 4003840K, committed 315392K, used 95053K [0x000000070ba00000, 0x0000000800000000)
  region size 2048K, 2 young (4096K), 2 survivors (4096K)
 Metaspace       used 85171K, committed 85952K, reserved 1179648K
  class space    used 10262K, committed 10624K, reserved 1048576K
}
Event: 3425,391 GC heap before
{Heap before GC invocations=141 (full 0):
 garbage-first heap   total reserved 4003840K, committed 315392K, used 308045K [0x000000070ba00000, 0x0000000800000000)
  region size 2048K, 92 young (188416K), 2 survivors (4096K)
 Metaspace       used 85171K, committed 85952K, reserved 1179648K
  class space    used 10262K, committed 10624K, reserved 1048576K
}
Event: 3425,393 GC heap after
{Heap after GC invocations=142 (full 0):
 garbage-first heap   total reserved 4003840K, committed 317440K, used 92817K [0x000000070ba00000, 0x0000000800000000)
  region size 2048K, 2 young (4096K), 2 survivors (4096K)
 Metaspace       used 85171K, committed 85952K, reserved 1179648K
  class space    used 10262K, committed 10624K, reserved 1048576K
}
Event: 3428,754 GC heap before
{Heap before GC invocations=142 (full 0):
 garbage-first heap   total reserved 4003840K, committed 317440K, used 311953K [0x000000070ba00000, 0x0000000800000000)
  region size 2048K, 93 young (190464K), 2 survivors (4096K)
 Metaspace       used 85171K, committed 85952K, reserved 1179648K
  class space    used 10262K, committed 10624K, reserved 1048576K
}
Event: 3428,756 GC heap after
{Heap after GC invocations=143 (full 0):
 garbage-first heap   total reserved 4003840K, committed 319488K, used 95057K [0x000000070ba00000, 0x0000000800000000)
  region size 2048K, 2 young (4096K), 2 survivors (4096K)
 Metaspace       used 85171K, committed 85952K, reserved 1179648K
  class space    used 10262K, committed 10624K, reserved 1048576K
}
Event: 3439,190 GC heap before
{Heap before GC invocations=143 (full 0):
 garbage-first heap   total reserved 4003840K, committed 319488K, used 289617K [0x000000070ba00000, 0x0000000800000000)
  region size 2048K, 93 young (190464K), 2 survivors (4096K)
 Metaspace       used 85177K, committed 85952K, reserved 1179648K
  class space    used 10262K, committed 10624K, reserved 1048576K
}
Event: 3439,193 GC heap after
{Heap after GC invocations=144 (full 0):
 garbage-first heap   total reserved 4003840K, committed 319488K, used 93148K [0x000000070ba00000, 0x0000000800000000)
  region size 2048K, 1 young (2048K), 1 survivors (2048K)
 Metaspace       used 85177K, committed 85952K, reserved 1179648K
  class space    used 10262K, committed 10624K, reserved 1048576K
}
Event: 3439,373 GC heap before
{Heap before GC invocations=144 (full 0):
 garbage-first heap   total reserved 4003840K, committed 319488K, used 281564K [0x000000070ba00000, 0x0000000800000000)
  region size 2048K, 93 young (190464K), 1 survivors (2048K)
 Metaspace       used 85179K, committed 85952K, reserved 1179648K
  class space    used 10262K, committed 10624K, reserved 1048576K
}
Event: 3439,375 GC heap after
{Heap after GC invocations=145 (full 0):
 garbage-first heap   total reserved 4003840K, committed 319488K, used 93282K [0x000000070ba00000, 0x0000000800000000)
  region size 2048K, 1 young (2048K), 1 survivors (2048K)
 Metaspace       used 85179K, committed 85952K, reserved 1179648K
  class space    used 10262K, committed 10624K, reserved 1048576K
}
Event: 3439,869 GC heap before
{Heap before GC invocations=145 (full 0):
 garbage-first heap   total reserved 4003840K, committed 319488K, used 281698K [0x000000070ba00000, 0x0000000800000000)
  region size 2048K, 93 young (190464K), 1 survivors (2048K)
 Metaspace       used 85179K, committed 85952K, reserved 1179648K
  class space    used 10262K, committed 10624K, reserved 1048576K
}
Event: 3439,871 GC heap after
{Heap after GC invocations=146 (full 0):
 garbage-first heap   total reserved 4003840K, committed 319488K, used 93468K [0x000000070ba00000, 0x0000000800000000)
  region size 2048K, 1 young (2048K), 1 survivors (2048K)
 Metaspace       used 85179K, committed 85952K, reserved 1179648K
  class space    used 10262K, committed 10624K, reserved 1048576K
}
Event: 3442,355 GC heap before
{Heap before GC invocations=146 (full 0):
 garbage-first heap   total reserved 4003840K, committed 319488K, used 281884K [0x000000070ba00000, 0x0000000800000000)
  region size 2048K, 93 young (190464K), 1 survivors (2048K)
 Metaspace       used 85196K, committed 85952K, reserved 1179648K
  class space    used 10262K, committed 10624K, reserved 1048576K
}
Event: 3442,361 GC heap after
{Heap after GC invocations=147 (full 0):
 garbage-first heap   total reserved 4003840K, committed 319488K, used 93468K [0x000000070ba00000, 0x0000000800000000)
  region size 2048K, 1 young (2048K), 1 survivors (2048K)
 Metaspace       used 85196K, committed 85952K, reserved 1179648K
  class space    used 10262K, committed 10624K, reserved 1048576K
}
Event: 3443,104 GC heap before
{Heap before GC invocations=147 (full 0):
 garbage-first heap   total reserved 4003840K, committed 319488K, used 279836K [0x000000070ba00000, 0x0000000800000000)
  region size 2048K, 93 young (190464K), 1 survivors (2048K)
 Metaspace       used 85239K, committed 85952K, reserved 1179648K
  class space    used 10262K, committed 10624K, reserved 1048576K
}
Event: 3443,108 GC heap after
{Heap after GC invocations=148 (full 0):
 garbage-first heap   total reserved 4003840K, committed 319488K, used 93849K [0x000000070ba00000, 0x0000000800000000)
  region size 2048K, 1 young (2048K), 1 survivors (2048K)
 Metaspace       used 85239K, committed 85952K, reserved 1179648K
  class space    used 10262K, committed 10624K, reserved 1048576K
}
Event: 3443,539 GC heap before
{Heap before GC invocations=148 (full 0):
 garbage-first heap   total reserved 4003840K, committed 319488K, used 282265K [0x000000070ba00000, 0x0000000800000000)
  region size 2048K, 93 young (190464K), 1 survivors (2048K)
 Metaspace       used 85248K, committed 85952K, reserved 1179648K
  class space    used 10262K, committed 10624K, reserved 1048576K
}
Event: 3443,545 GC heap after
{Heap after GC invocations=149 (full 0):
 garbage-first heap   total reserved 4003840K, committed 319488K, used 94333K [0x000000070ba00000, 0x0000000800000000)
  region size 2048K, 2 young (4096K), 2 survivors (4096K)
 Metaspace       used 85248K, committed 85952K, reserved 1179648K
  class space    used 10262K, committed 10624K, reserved 1048576K
}

