# JRE version: OpenJDK Runtime Environment (23.0.2+7) (build 23.0.2+7-58)
# Java VM: OpenJDK 64-Bit Server VM (23.0.2+7-58, mixed mode, tiered, compressed oops, compressed class ptrs, g1 gc, linux-amd64)
Heap:
 garbage-first heap   total reserved 4003840K, committed 280576K, used 197229K [0x000000070ba00000, 0x0000000800000000)
  region size 2048K, 45 young (92160K), 1 survivors (2048K)
 Metaspace       used 84082K, committed 84800K, reserved 1179648K
  class space    used 9920K, committed 10304K, reserved 1048576K
GC Heap History (20 events):
Event: 3752,469 GC heap before
{Heap before GC invocations=391 (full 0):
 garbage-first heap   total reserved 4003840K, committed 280576K, used 120213K [0x000000070ba00000, 0x0000000800000000)
  region size 2048K, 8 young (16384K), 1 survivors (2048K)
 Metaspace       used 83991K, committed 84736K, reserved 1179648K
  class space    used 9920K, committed 10304K, reserved 1048576K
}
Event: 3752,470 GC heap after
{Heap after GC invocations=392 (full 0):
 garbage-first heap   total reserved 4003840K, committed 280576K, used 107936K [0x000000070ba00000, 0x0000000800000000)
  region size 2048K, 1 young (2048K), 1 survivors (2048K)
 Metaspace       used 83991K, committed 84736K, reserved 1179648K
  class space    used 9920K, committed 10304K, reserved 1048576K
}
Event: 3752,685 GC heap before
{Heap before GC invocations=393 (full 0):
 garbage-first heap   total reserved 4003840K, committed 280576K, used 120224K [0x000000070ba00000, 0x0000000800000000)
  region size 2048K, 8 young (16384K), 1 survivors (2048K)
 Metaspace       used 83991K, committed 84736K, reserved 1179648K
  class space    used 9920K, committed 10304K, reserved 1048576K
}
Event: 3752,686 GC heap after
{Heap after GC invocations=394 (full 0):
 garbage-first heap   total reserved 4003840K, committed 280576K, used 107938K [0x000000070ba00000, 0x0000000800000000)
  region size 2048K, 1 young (2048K), 1 survivors (2048K)
 Metaspace       used 83991K, committed 84736K, reserved 1179648K
  class space    used 9920K, committed 10304K, reserved 1048576K
}
Event: 3752,898 GC heap before
{Heap before GC invocations=395 (full 0):
 garbage-first heap   total reserved 4003840K, committed 280576K, used 120226K [0x000000070ba00000, 0x0000000800000000)
  region size 2048K, 8 young (16384K), 1 survivors (2048K)
 Metaspace       used 83991K, committed 84736K, reserved 1179648K
  class space    used 9920K, committed 10304K, reserved 1048576K
}
Event: 3752,900 GC heap after
{Heap after GC invocations=396 (full 0):
 garbage-first heap   total reserved 4003840K, committed 280576K, used 107936K [0x000000070ba00000, 0x0000000800000000)
  region size 2048K, 1 young (2048K), 1 survivors (2048K)
 Metaspace       used 83991K, committed 84736K, reserved 1179648K
  class space    used 9920K, committed 10304K, reserved 1048576K
}
Event: 3753,114 GC heap before
{Heap before GC invocations=397 (full 0):
 garbage-first heap   total reserved 4003840K, committed 280576K, used 120224K [0x000000070ba00000, 0x0000000800000000)
  region size 2048K, 8 young (16384K), 1 survivors (2048K)
 Metaspace       used 83991K, committed 84736K, reserved 1179648K
  class space    used 9920K, committed 10304K, reserved 1048576K
}
Event: 3753,116 GC heap after
{Heap after GC invocations=398 (full 0):
 garbage-first heap   total reserved 4003840K, committed 280576K, used 107929K [0x000000070ba00000, 0x0000000800000000)
  region size 2048K, 1 young (2048K), 1 survivors (2048K)
 Metaspace       used 83991K, committed 84736K, reserved 1179648K
  class space    used 9920K, committed 10304K, reserved 1048576K
}
Event: 3754,285 GC heap before
{Heap before GC invocations=399 (full 0):
 garbage-first heap   total reserved 4003840K, committed 280576K, used 191897K [0x000000070ba00000, 0x0000000800000000)
  region size 2048K, 43 young (88064K), 1 survivors (2048K)
 Metaspace       used 84005K, committed 84736K, reserved 1179648K
  class space    used 9920K, committed 10304K, reserved 1048576K
}
Event: 3754,287 GC heap after
{Heap after GC invocations=400 (full 0):
 garbage-first heap   total reserved 4003840K, committed 280576K, used 108066K [0x000000070ba00000, 0x0000000800000000)
  region size 2048K, 1 young (2048K), 1 survivors (2048K)
 Metaspace       used 84005K, committed 84736K, reserved 1179648K
  class space    used 9920K, committed 10304K, reserved 1048576K
}
Event: 3754,597 GC heap before
{Heap before GC invocations=401 (full 0):
 garbage-first heap   total reserved 4003840K, committed 280576K, used 259618K [0x000000070ba00000, 0x0000000800000000)
  region size 2048K, 75 young (153600K), 1 survivors (2048K)
 Metaspace       used 84008K, committed 84736K, reserved 1179648K
  class space    used 9920K, committed 10304K, reserved 1048576K
}
Event: 3754,601 GC heap after
{Heap after GC invocations=402 (full 0):
 garbage-first heap   total reserved 4003840K, committed 280576K, used 107362K [0x000000070ba00000, 0x0000000800000000)
  region size 2048K, 1 young (2048K), 1 survivors (2048K)
 Metaspace       used 84008K, committed 84736K, reserved 1179648K
  class space    used 9920K, committed 10304K, reserved 1048576K
}
Event: 3754,772 GC heap before
{Heap before GC invocations=402 (full 0):
 garbage-first heap   total reserved 4003840K, committed 280576K, used 258914K [0x000000070ba00000, 0x0000000800000000)
  region size 2048K, 75 young (153600K), 1 survivors (2048K)
 Metaspace       used 84008K, committed 84736K, reserved 1179648K
  class space    used 9920K, committed 10304K, reserved 1048576K
}
Event: 3754,775 GC heap after
{Heap after GC invocations=403 (full 0):
 garbage-first heap   total reserved 4003840K, committed 280576K, used 107530K [0x000000070ba00000, 0x0000000800000000)
  region size 2048K, 1 young (2048K), 1 survivors (2048K)
 Metaspace       used 84008K, committed 84736K, reserved 1179648K
  class space    used 9920K, committed 10304K, reserved 1048576K
}
Event: 3755,112 GC heap before
{Heap before GC invocations=404 (full 0):
 garbage-first heap   total reserved 4003840K, committed 280576K, used 257034K [0x000000070ba00000, 0x0000000800000000)
  region size 2048K, 75 young (153600K), 1 survivors (2048K)
 Metaspace       used 84059K, committed 84800K, reserved 1179648K
  class space    used 9920K, committed 10304K, reserved 1048576K
}
Event: 3755,116 GC heap after
{Heap after GC invocations=405 (full 0):
 garbage-first heap   total reserved 4003840K, committed 280576K, used 108665K [0x000000070ba00000, 0x0000000800000000)
  region size 2048K, 1 young (2048K), 1 survivors (2048K)
 Metaspace       used 84059K, committed 84800K, reserved 1179648K
  class space    used 9920K, committed 10304K, reserved 1048576K
}
Event: 3755,376 GC heap before
{Heap before GC invocations=405 (full 0):
 garbage-first heap   total reserved 4003840K, committed 280576K, used 260217K [0x000000070ba00000, 0x0000000800000000)
  region size 2048K, 75 young (153600K), 1 survivors (2048K)
 Metaspace       used 84070K, committed 84800K, reserved 1179648K
  class space    used 9920K, committed 10304K, reserved 1048576K
}
Event: 3755,380 GC heap after
{Heap after GC invocations=406 (full 0):
 garbage-first heap   total reserved 4003840K, committed 280576K, used 108895K [0x000000070ba00000, 0x0000000800000000)
  region size 2048K, 1 young (2048K), 1 survivors (2048K)
 Metaspace       used 84070K, committed 84800K, reserved 1179648K
  class space    used 9920K, committed 10304K, reserved 1048576K
}
Event: 3756,144 GC heap before
{Heap before GC invocations=407 (full 0):
 garbage-first heap   total reserved 4003840K, committed 280576K, used 260447K [0x000000070ba00000, 0x0000000800000000)
  region size 2048K, 75 young (153600K), 1 survivors (2048K)
 Metaspace       used 84081K, committed 84800K, reserved 1179648K
  class space    used 9920K, committed 10304K, reserved 1048576K
}
Event: 3756,151 GC heap after
{Heap after GC invocations=408 (full 0):
 garbage-first heap   total reserved 4003840K, committed 280576K, used 108949K [0x000000070ba00000, 0x0000000800000000)
  region size 2048K, 1 young (2048K), 1 survivors (2048K)
 Metaspace       used 84081K, committed 84800K, reserved 1179648K
  class space    used 9920K, committed 10304K, reserved 1048576K
}

